<?xml version="1.0" encoding="utf-8"?><testsuites name="pytest tests"><testsuite name="pytest" errors="0" failures="0" skipped="0" tests="198" time="1.161" timestamp="2026-01-10T15:08:57.524078+00:00" hostname="GaryPC"><testcase classname="tests.test_api_dashboard.TestDashboardEndpoint" name="test_dashboard_success_with_bmad_dash_project" time="0.021" /><testcase classname="tests.test_api_dashboard.TestDashboardEndpoint" name="test_dashboard_missing_project_root_parameter" time="0.002" /><testcase classname="tests.test_api_dashboard.TestDashboardEndpoint" name="test_dashboard_invalid_project_path" time="0.002" /><testcase classname="tests.test_api_dashboard.TestDashboardEndpoint" name="test_breadcrumb_structure" time="0.016" /><testcase classname="tests.test_api_dashboard.TestDashboardEndpoint" name="test_quick_glance_structure" time="0.016" /><testcase classname="tests.test_api_dashboard.TestDashboardEndpoint" name="test_kanban_structure" time="0.016" /><testcase classname="tests.test_api_dashboard.TestDashboardEndpoint" name="test_cache_hit_scenario" time="0.017" /><testcase classname="tests.test_api_dashboard.TestDashboardEndpoint" name="test_cache_invalidation_on_file_change" time="0.029" /><testcase classname="tests.test_api_dashboard.TestDashboardEndpoint" name="test_response_time_requirement" time="0.017" /><testcase classname="tests.test_api_dashboard.TestDashboardEndpoint" name="test_json_serialization" time="0.016" /><testcase classname="tests.test_api_dashboard.TestDashboardEndpoint" name="test_cors_disabled" time="0.015" /><testcase classname="tests.test_api_dashboard.TestDashboardEndpoint" name="test_error_response_format_consistency" time="0.002" /><testcase classname="tests.test_api_dashboard.TestDashboardDataBuilders" name="test_status_grouping_in_kanban" time="0.015" /><testcase classname="tests.test_api_git_evidence.TestGitEvidenceAPI" name="test_get_git_evidence_missing_project_root" time="0.002" /><testcase classname="tests.test_api_git_evidence.TestGitEvidenceAPI" name="test_get_git_evidence_with_commits" time="0.002" /><testcase classname="tests.test_api_git_evidence.TestGitEvidenceAPI" name="test_get_git_evidence_no_commits" time="0.002" /><testcase classname="tests.test_api_git_evidence.TestGitEvidenceAPI" name="test_get_git_evidence_old_commits" time="0.002" /><testcase classname="tests.test_api_git_evidence.TestGitEvidenceAPI" name="test_get_git_evidence_error_handling" time="0.002" /><testcase classname="tests.test_api_git_evidence.TestGitEvidenceAPI" name="test_get_git_evidence_response_format" time="0.002" /><testcase classname="tests.test_api_git_evidence.TestGitEvidenceAPI" name="test_get_git_evidence_uses_fallback" time="0.003" /><testcase classname="tests.test_api_test_evidence.TestTestEvidenceAPI" name="test_get_test_evidence_missing_project_root" time="0.002" /><testcase classname="tests.test_api_test_evidence.TestTestEvidenceAPI" name="test_get_test_evidence_with_passing_tests" time="0.002" /><testcase classname="tests.test_api_test_evidence.TestTestEvidenceAPI" name="test_get_test_evidence_with_failing_tests" time="0.002" /><testcase classname="tests.test_api_test_evidence.TestTestEvidenceAPI" name="test_get_test_evidence_no_tests_found" time="0.002" /><testcase classname="tests.test_api_test_evidence.TestTestEvidenceAPI" name="test_get_test_evidence_old_tests" time="0.002" /><testcase classname="tests.test_api_test_evidence.TestTestEvidenceAPI" name="test_get_test_evidence_error_handling" time="0.002" /><testcase classname="tests.test_api_test_evidence.TestTestEvidenceAPI" name="test_get_test_evidence_response_format" time="0.002" /><testcase classname="tests.test_api_test_evidence.TestTestEvidenceAPI" name="test_get_test_evidence_datetime_serialization" time="0.002" /><testcase classname="tests.test_api_test_evidence.TestTestEvidenceAPI" name="test_get_test_evidence_story_not_found" time="0.002" /><testcase classname="tests.test_api_test_evidence.TestTestEvidenceAPI" name="test_get_test_evidence_invalid_story_id" time="0.002" /><testcase classname="tests.test_api_test_evidence.TestTestEvidenceAPI" name="test_get_test_evidence_performance_logging" time="0.002" /><testcase classname="tests.test_cache.TestCache" name="test_cache_set_and_get" time="0.000" /><testcase classname="tests.test_cache.TestCache" name="test_cache_miss" time="0.000" /><testcase classname="tests.test_cache.TestCache" name="test_cache_with_filepath_tracking" time="0.003" /><testcase classname="tests.test_cache.TestCache" name="test_cache_invalidation_on_file_change" time="0.102" /><testcase classname="tests.test_cache.TestCache" name="test_cache_invalidation_on_file_deletion" time="0.002" /><testcase classname="tests.test_cache.TestCache" name="test_cache_without_filepath" time="0.000" /><testcase classname="tests.test_cache.TestCache" name="test_invalidate_specific_key" time="0.000" /><testcase classname="tests.test_cache.TestCache" name="test_invalidate_all" time="0.001" /><testcase classname="tests.test_cache.TestCache" name="test_invalidate_with_none" time="0.000" /><testcase classname="tests.test_cache.TestCache" name="test_cache_size" time="0.000" /><testcase classname="tests.test_cache.TestCache" name="test_cache_keys" time="0.000" /><testcase classname="tests.test_cache.TestCache" name="test_cache_handles_complex_objects" time="0.000" /><testcase classname="tests.test_cache.TestCache" name="test_cache_error_handling_invalid_filepath" time="0.000" /><testcase classname="tests.test_cache.TestCache" name="test_multiple_files_different_keys" time="0.102" /><testcase classname="tests.test_example" name="test_example" time="0.001" /><testcase classname="tests.test_example" name="test_imports" time="0.001" /><testcase classname="tests.test_frontend_integration.TestFrontendServing" name="test_index_html_served" time="0.031" /><testcase classname="tests.test_frontend_integration.TestFrontendServing" name="test_app_js_served" time="0.002" /><testcase classname="tests.test_frontend_integration.TestFrontendServing" name="test_breadcrumb_js_served" time="0.002" /><testcase classname="tests.test_frontend_integration.TestFrontendServing" name="test_quick_glance_js_served" time="0.002" /><testcase classname="tests.test_frontend_integration.TestFrontendServing" name="test_output_css_served_after_build" time="0.002" /><testcase classname="tests.test_frontend_integration.TestDashboardAPIIntegration" name="test_dashboard_endpoint_returns_breadcrumb" time="0.017" /><testcase classname="tests.test_frontend_integration.TestDashboardAPIIntegration" name="test_dashboard_endpoint_returns_quick_glance" time="0.003" /><testcase classname="tests.test_frontend_integration.TestDashboardAPIIntegration" name="test_dashboard_endpoint_with_invalid_path" time="0.002" /><testcase classname="tests.test_frontend_integration.TestFrontendStructure" name="test_dark_theme_applied" time="0.002" /><testcase classname="tests.test_frontend_integration.TestFrontendStructure" name="test_project_selector_present" time="0.002" /><testcase classname="tests.test_frontend_integration.TestFrontendStructure" name="test_breadcrumb_container_present" time="0.002" /><testcase classname="tests.test_frontend_integration.TestFrontendStructure" name="test_quick_glance_container_present" time="0.002" /><testcase classname="tests.test_frontend_integration.TestFrontendStructure" name="test_quick_glance_component_renders" time="0.002" /><testcase classname="tests.test_frontend_integration.TestFrontendStructure" name="test_loading_and_error_states" time="0.002" /><testcase classname="tests.test_frontend_integration.TestFrontendStructure" name="test_es6_module_script_tag" time="0.002" /><testcase classname="tests.test_frontend_integration.TestAccessibilityAndNFRs" name="test_minimum_button_size" time="0.002" /><testcase classname="tests.test_frontend_integration.TestAccessibilityAndNFRs" name="test_viewport_meta_tag" time="0.002" /><testcase classname="tests.test_frontend_integration.TestAccessibilityAndNFRs" name="test_semantic_html_navigation" time="0.002" /><testcase classname="tests.test_frontend_integration.TestStaticFileRouting" name="test_js_file_routing" time="0.002" /><testcase classname="tests.test_frontend_integration.TestStaticFileRouting" name="test_css_file_routing" time="0.002" /><testcase classname="tests.test_frontend_integration.TestStaticFileRouting" name="test_404_for_nonexistent_files" time="0.002" /><testcase classname="tests.test_frontend_integration.TestQuickGlanceComponent" name="test_quick_glance_js_served" time="0.003" /><testcase classname="tests.test_frontend_integration.TestQuickGlanceComponent" name="test_quick_glance_handles_empty_data" time="0.002" /><testcase classname="tests.test_frontend_integration.TestQuickGlanceComponent" name="test_quick_glance_has_progress_parsing" time="0.002" /><testcase classname="tests.test_frontend_integration.TestQuickGlanceComponent" name="test_quick_glance_has_escape_html" time="0.002" /><testcase classname="tests.test_git_correlator.TestGitCorrelator" name="test_init_with_valid_repo" time="0.001" /><testcase classname="tests.test_git_correlator.TestGitCorrelator" name="test_get_commits_for_story_with_matching_commits" time="0.001" /><testcase classname="tests.test_git_correlator.TestGitCorrelator" name="test_get_commits_for_story_no_matches" time="0.001" /><testcase classname="tests.test_git_correlator.TestGitCorrelator" name="test_pattern_matching_story_dash_format" time="0.001" /><testcase classname="tests.test_git_correlator.TestGitCorrelator" name="test_pattern_matching_bracket_format" time="0.001" /><testcase classname="tests.test_git_correlator.TestGitCorrelator" name="test_pattern_matching_conventional_commits" time="0.001" /><testcase classname="tests.test_git_correlator.TestGitCorrelator" name="test_pattern_matching_case_insensitive" time="0.001" /><testcase classname="tests.test_git_correlator.TestGitCorrelator" name="test_calculate_status_green_recent_commits" time="0.001" /><testcase classname="tests.test_git_correlator.TestGitCorrelator" name="test_calculate_status_yellow_old_commits" time="0.001" /><testcase classname="tests.test_git_correlator.TestGitCorrelator" name="test_calculate_status_red_no_commits" time="0.001" /><testcase classname="tests.test_git_correlator.TestGitCorrelator" name="test_error_handling_invalid_repo" time="0.001" /><testcase classname="tests.test_git_correlator.TestGitCorrelator" name="test_story_id_extraction_from_various_formats" time="0.001" /><testcase classname="tests.test_git_correlator.TestGitCorrelator" name="test_fallback_commit_creation" time="0.001" /><testcase classname="tests.test_git_correlator.TestGitCorrelator" name="test_fallback_when_no_git_commits" time="0.001" /><testcase classname="tests.test_git_correlator.TestGitCorrelator" name="test_performance_requirement" time="0.004" /><testcase classname="tests.test_git_correlator.TestGitCorrelator" name="test_calculate_status_with_timezone_aware_datetime" time="0.001" /><testcase classname="tests.test_git_correlator.TestGitCorrelator" name="test_calculate_status_with_naive_datetime" time="0.001" /><testcase classname="tests.test_models.TestProjectModel" name="test_project_creation" time="0.000" /><testcase classname="tests.test_models.TestProjectModel" name="test_project_to_dict" time="0.000" /><testcase classname="tests.test_models.TestProjectModel" name="test_project_from_dict" time="0.000" /><testcase classname="tests.test_models.TestEpicModel" name="test_epic_creation" time="0.000" /><testcase classname="tests.test_models.TestEpicModel" name="test_epic_to_dict" time="0.001" /><testcase classname="tests.test_models.TestStoryModel" name="test_story_creation" time="0.000" /><testcase classname="tests.test_models.TestStoryModel" name="test_story_to_dict" time="0.000" /><testcase classname="tests.test_models.TestTaskModel" name="test_task_creation" time="0.000" /><testcase classname="tests.test_models.TestTaskModel" name="test_task_with_subtasks" time="0.000" /><testcase classname="tests.test_models.TestTaskModel" name="test_task_to_dict" time="0.001" /><testcase classname="tests.test_models.TestGitEvidenceModels" name="test_git_commit_creation" time="0.001" /><testcase classname="tests.test_models.TestGitEvidenceModels" name="test_git_commit_serialization" time="0.000" /><testcase classname="tests.test_models.TestGitEvidenceModels" name="test_git_evidence_creation" time="0.000" /><testcase classname="tests.test_models.TestTestEvidenceModel" name="test_test_evidence_creation" time="0.000" /><testcase classname="tests.test_models.TestTestEvidenceModel" name="test_test_evidence_serialization" time="0.000" /><testcase classname="tests.test_models.TestNestedSerialization" name="test_full_project_serialization" time="0.000" /><testcase classname="tests.test_models.TestNestedSerialization" name="test_full_project_deserialization" time="0.001" /><testcase classname="tests.test_parsers.TestYAMLParser" name="test_parse_valid_frontmatter" time="0.001" /><testcase classname="tests.test_parsers.TestYAMLParser" name="test_parse_malformed_yaml" time="0.000" /><testcase classname="tests.test_parsers.TestYAMLParser" name="test_parse_missing_closing_delimiter" time="0.000" /><testcase classname="tests.test_parsers.TestYAMLParser" name="test_parse_pure_yaml_file" time="0.001" /><testcase classname="tests.test_parsers.TestYAMLParser" name="test_parse_empty_content" time="0.000" /><testcase classname="tests.test_parsers.TestMarkdownParser" name="test_extract_tasks" time="0.000" /><testcase classname="tests.test_parsers.TestMarkdownParser" name="test_extract_acceptance_criteria" time="0.000" /><testcase classname="tests.test_parsers.TestMarkdownParser" name="test_extract_headings" time="0.001" /><testcase classname="tests.test_parsers.TestMarkdownParser" name="test_empty_content" time="0.001" /><testcase classname="tests.test_parsers.TestBMADParser" name="test_parse_project_basic" time="0.004" /><testcase classname="tests.test_parsers.TestBMADParser" name="test_parse_project_missing_files" time="0.003" /><testcase classname="tests.test_phase_detector.TestPhaseDetection" name="test_detect_implementation_phase" time="0.002" /><testcase classname="tests.test_phase_detector.TestPhaseDetection" name="test_detect_solutioning_phase" time="0.002" /><testcase classname="tests.test_phase_detector.TestPhaseDetection" name="test_detect_planning_phase" time="0.002" /><testcase classname="tests.test_phase_detector.TestPhaseDetection" name="test_detect_analysis_phase" time="0.002" /><testcase classname="tests.test_phase_detector.TestPhaseDetection" name="test_detect_analysis_with_product_brief" time="0.002" /><testcase classname="tests.test_phase_detector.TestPhaseDetection" name="test_detect_unknown_phase" time="0.001" /><testcase classname="tests.test_phase_detector.TestPhaseDetection" name="test_detect_unknown_for_nonexistent_path" time="0.000" /><testcase classname="tests.test_phase_detector.TestPhaseDetection" name="test_detect_unknown_for_empty_path" time="0.000" /><testcase classname="tests.test_phase_detector.TestPhaseDetection" name="test_phase_priority_implementation_over_solutioning" time="0.002" /><testcase classname="tests.test_phase_detector.TestPhaseDetection" name="test_phase_priority_solutioning_over_planning" time="0.002" /><testcase classname="tests.test_phase_detector.TestPhaseDetection" name="test_phase_priority_planning_over_analysis" time="0.002" /><testcase classname="tests.test_phase_detector.TestPhaseDetection" name="test_detect_phase_from_data_implementation" time="0.000" /><testcase classname="tests.test_phase_detector.TestPhaseDetection" name="test_detect_phase_from_data_solutioning" time="0.000" /><testcase classname="tests.test_phase_detector.TestPhaseDetection" name="test_detect_phase_from_data_planning" time="0.000" /><testcase classname="tests.test_phase_detector.TestPhaseDetection" name="test_detect_phase_from_data_analysis" time="0.000" /><testcase classname="tests.test_phase_detector.TestPhaseDetection" name="test_detect_phase_from_data_unknown" time="0.000" /><testcase classname="tests.test_phase_detector.TestPhaseDetection" name="test_alternative_artifact_locations" time="0.002" /><testcase classname="tests.test_phase_detector.TestPhaseDetection" name="test_artifact_in_project_root" time="0.001" /><testcase classname="tests.test_phase_detector.TestPhaseDetectionPerformance" name="test_phase_detection_performance" time="0.002" /><testcase classname="tests.test_router.TestRouterModule" name="test_router_js_exists" time="0.002" /><testcase classname="tests.test_router.TestRouterModule" name="test_router_has_register_method" time="0.002" /><testcase classname="tests.test_router.TestRouterModule" name="test_router_has_navigate_method" time="0.002" /><testcase classname="tests.test_router.TestRouterModule" name="test_router_has_handleRoute_method" time="0.002" /><testcase classname="tests.test_router.TestRouterModule" name="test_router_clears_pending_transitions" time="0.002" /><testcase classname="tests.test_router.TestRouterModule" name="test_router_uses_transition_constant" time="0.002" /><testcase classname="tests.test_router.TestRouterModule" name="test_router_calls_handler" time="0.002" /><testcase classname="tests.test_router.TestViewSwitcher" name="test_view_switcher_component_exists" time="0.003" /><testcase classname="tests.test_router.TestViewSwitcher" name="test_view_switcher_has_render_function" time="0.002" /><testcase classname="tests.test_router.TestViewSwitcher" name="test_view_switcher_has_three_buttons" time="0.002" /><testcase classname="tests.test_router.TestViewSwitcher" name="test_view_switcher_buttons_meet_min_size" time="0.002" /><testcase classname="tests.test_router.TestViews" name="test_dashboard_view_exists" time="0.002" /><testcase classname="tests.test_router.TestViews" name="test_timeline_view_exists" time="0.002" /><testcase classname="tests.test_router.TestViews" name="test_list_view_exists" time="0.002" /><testcase classname="tests.test_router.TestViews" name="test_dashboard_view_has_render" time="0.002" /><testcase classname="tests.test_router.TestViews" name="test_timeline_view_has_render" time="0.002" /><testcase classname="tests.test_router.TestViews" name="test_list_view_has_render" time="0.002" /><testcase classname="tests.test_router.TestRoutingIntegration" name="test_app_js_imports_router" time="0.002" /><testcase classname="tests.test_router.TestRoutingIntegration" name="test_app_js_imports_view_switcher" time="0.002" /><testcase classname="tests.test_router.TestHTMLStructure" name="test_index_has_view_switcher_container" time="0.002" /><testcase classname="tests.test_router.TestHTMLStructure" name="test_index_has_main_content_area" time="0.002" /><testcase classname="tests.test_router.TestPerformanceNFRs" name="test_router_transitions_use_css" time="0.002" /><testcase classname="tests.test_router.TestPerformanceNFRs" name="test_view_switcher_uses_opacity_transition" time="0.002" /><testcase classname="tests.test_test_discoverer.TestTestDiscoverer" name="test_init" time="0.000" /><testcase classname="tests.test_test_discoverer.TestTestDiscoverer" name="test_extract_story_id_dot_format" time="0.000" /><testcase classname="tests.test_test_discoverer.TestTestDiscoverer" name="test_extract_story_id_story_prefix" time="0.001" /><testcase classname="tests.test_test_discoverer.TestTestDiscoverer" name="test_extract_story_id_dash_format" time="0.000" /><testcase classname="tests.test_test_discoverer.TestTestDiscoverer" name="test_extract_story_id_invalid" time="0.000" /><testcase classname="tests.test_test_discoverer.TestTestDiscoverer" name="test_build_test_file_patterns" time="0.000" /><testcase classname="tests.test_test_discoverer.TestTestDiscoverer" name="test_discover_tests_for_story_finds_python_files" time="0.004" /><testcase classname="tests.test_test_discoverer.TestTestDiscoverer" name="test_discover_tests_for_story_finds_js_files" time="0.003" /><testcase classname="tests.test_test_discoverer.TestTestDiscoverer" name="test_discover_tests_for_story_no_files" time="0.001" /><testcase classname="tests.test_test_discoverer.TestTestDiscoverer" name="test_discover_tests_for_story_invalid_id" time="0.001" /><testcase classname="tests.test_test_discoverer.TestTestDiscoverer" name="test_parse_pytest_results_success" time="0.002" /><testcase classname="tests.test_test_discoverer.TestTestDiscoverer" name="test_parse_pytest_results_all_passing" time="0.002" /><testcase classname="tests.test_test_discoverer.TestTestDiscoverer" name="test_parse_pytest_results_timeout" time="0.002" /><testcase classname="tests.test_test_discoverer.TestTestDiscoverer" name="test_parse_pytest_results_not_found" time="0.002" /><testcase classname="tests.test_test_discoverer.TestTestDiscoverer" name="test_parse_jest_results_success" time="0.002" /><testcase classname="tests.test_test_discoverer.TestTestDiscoverer" name="test_parse_jest_results_not_found" time="0.002" /><testcase classname="tests.test_test_discoverer.TestTestDiscoverer" name="test_calculate_status_no_tests" time="0.000" /><testcase classname="tests.test_test_discoverer.TestTestDiscoverer" name="test_calculate_status_failing_tests" time="0.001" /><testcase classname="tests.test_test_discoverer.TestTestDiscoverer" name="test_calculate_status_recent_passing" time="0.001" /><testcase classname="tests.test_test_discoverer.TestTestDiscoverer" name="test_calculate_status_old_passing" time="0.000" /><testcase classname="tests.test_test_discoverer.TestTestDiscoverer" name="test_calculate_status_no_timestamp" time="0.000" /><testcase classname="tests.test_test_discoverer.TestTestDiscoverer" name="test_get_test_evidence_for_story_no_files" time="0.002" /><testcase classname="tests.test_test_discoverer.TestTestDiscoverer" name="test_get_test_evidence_for_story_with_files" time="0.003" /><testcase classname="tests.test_test_discoverer.TestTestDiscoverer" name="test_set_manual_test_status" time="0.000" /><testcase classname="tests.test_test_discoverer.TestTestDiscoverer" name="test_manual_entry_overrides_discovery" time="0.001" /><testcase classname="tests.test_test_discoverer.TestTestDiscoverer" name="test_clear_manual_test_status" time="0.000" /><testcase classname="tests.test_test_discoverer.TestTestDiscoverer" name="test_get_test_evidence_aggregates_multiple_files" time="0.003" /><testcase classname="tests.test_test_discoverer.TestTestDiscovererEdgeCases" name="test_typescript_file_handling" time="0.005" /><testcase classname="tests.test_test_discoverer.TestTestDiscovererEdgeCases" name="test_duplicate_test_file_prevention" time="0.003" /><testcase classname="tests.test_test_discoverer.TestTestDiscovererEdgeCases" name="test_calculate_status_with_timezone_aware_datetime" time="0.000" /><testcase classname="tests.test_test_discoverer.TestTestDiscovererEdgeCases" name="test_calculate_status_with_naive_datetime" time="0.000" /><testcase classname="tests.test_test_discoverer.TestTestDiscovererEdgeCases" name="test_story_2_2_self_validation" time="0.004" /><testcase classname="tests.test_test_discoverer.TestTestDiscovererLogging" name="test_init_logs_info" time="0.001" /><testcase classname="tests.test_test_discoverer.TestTestDiscovererLogging" name="test_discover_logs_warning_for_invalid_story_id" time="0.001" /><testcase classname="tests.test_test_discoverer.TestTestDiscovererLogging" name="test_discover_logs_info_on_success" time="0.003" /><testcase classname="tests.test_test_discoverer.TestTestDiscovererLogging" name="test_manual_entry_logs_info" time="0.001" /><testcase classname="tests.test_test_discoverer.TestTestDiscovererLogging" name="test_parse_pytest_logs_warning_on_timeout" time="0.002" /><testcase classname="tests.test_test_discoverer.TestTestDiscovererPerformance" name="test_discovery_performance_requirement" time="0.003" /><testcase classname="tests.test_test_discoverer.TestTestDiscovererPerformance" name="test_file_discovery_performance" time="0.038" /></testsuite></testsuites>